2016-04-20 22:03:19 startup archives install
2016-04-20 22:03:19 install base-passwd:i386 <none> 3.5.39
2016-04-20 22:03:19 status half-installed base-passwd:i386 3.5.39
2016-04-20 22:03:19 status unpacked base-passwd:i386 3.5.39
2016-04-20 22:03:19 status unpacked base-passwd:i386 3.5.39
2016-04-20 22:03:19 configure base-passwd:i386 3.5.39 3.5.39
2016-04-20 22:03:19 status unpacked base-passwd:i386 3.5.39
2016-04-20 22:03:19 status half-configured base-passwd:i386 3.5.39
2016-04-20 22:03:19 status installed base-passwd:i386 3.5.39
2016-04-20 22:03:19 startup archives install
2016-04-20 22:03:19 install base-files:i386 <none> 9.4ubuntu4
2016-04-20 22:03:19 status half-installed base-files:i386 9.4ubuntu4
2016-04-20 22:03:19 status unpacked base-files:i386 9.4ubuntu4
2016-04-20 22:03:19 status unpacked base-files:i386 9.4ubuntu4
2016-04-20 22:03:19 configure base-files:i386 9.4ubuntu4 9.4ubuntu4
2016-04-20 22:03:19 status unpacked base-files:i386 9.4ubuntu4
2016-04-20 22:03:19 status unpacked base-files:i386 9.4ubuntu4
2016-04-20 22:03:19 status unpacked base-files:i386 9.4ubuntu4
2016-04-20 22:03:19 status unpacked base-files:i386 9.4ubuntu4
2016-04-20 22:03:19 status unpacked base-files:i386 9.4ubuntu4
2016-04-20 22:03:19 status unpacked base-files:i386 9.4ubuntu4
2016-04-20 22:03:19 status unpacked base-files:i386 9.4ubuntu4
2016-04-20 22:03:19 status unpacked base-files:i386 9.4ubuntu4
2016-04-20 22:03:19 status unpacked base-files:i386 9.4ubuntu4
2016-04-20 22:03:19 status unpacked base-files:i386 9.4ubuntu4
2016-04-20 22:03:19 status unpacked base-files:i386 9.4ubuntu4
2016-04-20 22:03:19 status half-configured base-files:i386 9.4ubuntu4
2016-04-20 22:03:19 status installed base-files:i386 9.4ubuntu4
2016-04-20 22:03:19 startup archives install
2016-04-20 22:03:19 upgrade dpkg 1.18.4ubuntu1 1.18.4ubuntu1
2016-04-20 22:03:19 status half-configured dpkg 1.18.4ubuntu1
2016-04-20 22:03:19 status unpacked dpkg 1.18.4ubuntu1
2016-04-20 22:03:19 status half-installed dpkg 1.18.4ubuntu1
2016-04-20 22:03:19 status half-installed dpkg 1.18.4ubuntu1
2016-04-20 22:03:19 status unpacked dpkg:i386 1.18.4ubuntu1
2016-04-20 22:03:19 status unpacked dpkg:i386 1.18.4ubuntu1
2016-04-20 22:03:19 configure dpkg:i386 1.18.4ubuntu1 1.18.4ubuntu1
2016-04-20 22:03:19 status unpacked dpkg:i386 1.18.4ubuntu1
2016-04-20 22:03:19 status unpacked dpkg:i386 1.18.4ubuntu1
2016-04-20 22:03:19 status unpacked dpkg:i386 1.18.4ubuntu1
2016-04-20 22:03:19 status unpacked dpkg:i386 1.18.4ubuntu1
2016-04-20 22:03:19 status unpacked dpkg:i386 1.18.4ubuntu1
2016-04-20 22:03:19 status half-configured dpkg:i386 1.18.4ubuntu1
2016-04-20 22:03:19 status installed dpkg:i386 1.18.4ubuntu1
2016-04-20 22:03:19 startup archives install
2016-04-20 22:03:19 install libc6:i386 <none> 2.23-0ubuntu3
2016-04-20 22:03:19 status half-installed libc6:i386 2.23-0ubuntu3
2016-04-20 22:03:20 status unpacked libc6:i386 2.23-0ubuntu3
2016-04-20 22:03:20 status unpacked libc6:i386 2.23-0ubuntu3
2016-04-20 22:03:20 configure libc6:i386 2.23-0ubuntu3 2.23-0ubuntu3
2016-04-20 22:03:20 status unpacked libc6:i386 2.23-0ubuntu3
2016-04-20 22:03:20 status unpacked libc6:i386 2.23-0ubuntu3
2016-04-20 22:03:20 status half-configured libc6:i386 2.23-0ubuntu3
2016-04-20 22:03:20 status installed libc6:i386 2.23-0ubuntu3
2016-04-20 22:03:20 startup archives install
2016-04-20 22:03:20 install perl-base:i386 <none> 5.22.1-9
2016-04-20 22:03:20 status half-installed perl-base:i386 5.22.1-9
2016-04-20 22:03:20 status unpacked perl-base:i386 5.22.1-9
2016-04-20 22:03:20 status unpacked perl-base:i386 5.22.1-9
2016-04-20 22:03:20 configure perl-base:i386 5.22.1-9 5.22.1-9
2016-04-20 22:03:20 status unpacked perl-base:i386 5.22.1-9
2016-04-20 22:03:20 status half-configured perl-base:i386 5.22.1-9
2016-04-20 22:03:20 status installed perl-base:i386 5.22.1-9
2016-04-20 22:03:20 startup archives install
2016-04-20 22:03:20 install mawk:i386 <none> 1.3.3-17ubuntu2
2016-04-20 22:03:20 status half-installed mawk:i386 1.3.3-17ubuntu2
2016-04-20 22:03:20 status unpacked mawk:i386 1.3.3-17ubuntu2
2016-04-20 22:03:20 status unpacked mawk:i386 1.3.3-17ubuntu2
2016-04-20 22:03:20 configure mawk:i386 1.3.3-17ubuntu2 1.3.3-17ubuntu2
2016-04-20 22:03:20 status unpacked mawk:i386 1.3.3-17ubuntu2
2016-04-20 22:03:20 status half-configured mawk:i386 1.3.3-17ubuntu2
2016-04-20 22:03:20 status installed mawk:i386 1.3.3-17ubuntu2
2016-04-20 22:03:20 startup archives unpack
2016-04-20 22:03:21 install adduser:all <none> 3.113+nmu3ubuntu4
2016-04-20 22:03:21 status half-installed adduser:all 3.113+nmu3ubuntu4
2016-04-20 22:03:21 status unpacked adduser:all 3.113+nmu3ubuntu4
2016-04-20 22:03:21 status unpacked adduser:all 3.113+nmu3ubuntu4
2016-04-20 22:03:21 upgrade base-files:i386 9.4ubuntu4 9.4ubuntu4
2016-04-20 22:03:21 status half-configured base-files:i386 9.4ubuntu4
2016-04-20 22:03:21 status unpacked base-files:i386 9.4ubuntu4
2016-04-20 22:03:21 status half-installed base-files:i386 9.4ubuntu4
2016-04-20 22:03:21 status half-installed base-files:i386 9.4ubuntu4
2016-04-20 22:03:21 status unpacked base-files:i386 9.4ubuntu4
2016-04-20 22:03:21 status unpacked base-files:i386 9.4ubuntu4
2016-04-20 22:03:21 upgrade base-passwd:i386 3.5.39 3.5.39
2016-04-20 22:03:21 status half-configured base-passwd:i386 3.5.39
2016-04-20 22:03:21 status unpacked base-passwd:i386 3.5.39
2016-04-20 22:03:21 status half-installed base-passwd:i386 3.5.39
2016-04-20 22:03:21 status half-installed base-passwd:i386 3.5.39
2016-04-20 22:03:21 status unpacked base-passwd:i386 3.5.39
2016-04-20 22:03:21 status unpacked base-passwd:i386 3.5.39
2016-04-20 22:03:21 install bash:i386 <none> 4.3-14ubuntu1
2016-04-20 22:03:21 status half-installed bash:i386 4.3-14ubuntu1
2016-04-20 22:03:21 status unpacked bash:i386 4.3-14ubuntu1
2016-04-20 22:03:21 status unpacked bash:i386 4.3-14ubuntu1
2016-04-20 22:03:21 install bsdutils:i386 <none> 1:2.27.1-6ubuntu3
2016-04-20 22:03:21 status half-installed bsdutils:i386 1:2.27.1-6ubuntu3
2016-04-20 22:03:21 status unpacked bsdutils:i386 1:2.27.1-6ubuntu3
2016-04-20 22:03:21 status unpacked bsdutils:i386 1:2.27.1-6ubuntu3
2016-04-20 22:03:21 install coreutils:i386 <none> 8.25-2ubuntu2
2016-04-20 22:03:21 status half-installed coreutils:i386 8.25-2ubuntu2
2016-04-20 22:03:21 status unpacked coreutils:i386 8.25-2ubuntu2
2016-04-20 22:03:21 status unpacked coreutils:i386 8.25-2ubuntu2
2016-04-20 22:03:21 install dash:i386 <none> 0.5.8-2.1ubuntu2
2016-04-20 22:03:21 status half-installed dash:i386 0.5.8-2.1ubuntu2
2016-04-20 22:03:21 status unpacked dash:i386 0.5.8-2.1ubuntu2
2016-04-20 22:03:21 status unpacked dash:i386 0.5.8-2.1ubuntu2
2016-04-20 22:03:21 install debconf:all <none> 1.5.58ubuntu1
2016-04-20 22:03:21 status half-installed debconf:all 1.5.58ubuntu1
2016-04-20 22:03:21 status unpacked debconf:all 1.5.58ubuntu1
2016-04-20 22:03:21 status unpacked debconf:all 1.5.58ubuntu1
2016-04-20 22:03:21 install debianutils:i386 <none> 4.7
2016-04-20 22:03:21 status half-installed debianutils:i386 4.7
2016-04-20 22:03:21 status unpacked debianutils:i386 4.7
2016-04-20 22:03:21 status unpacked debianutils:i386 4.7
2016-04-20 22:03:21 install diffutils:i386 <none> 1:3.3-3
2016-04-20 22:03:21 status half-installed diffutils:i386 1:3.3-3
2016-04-20 22:03:21 status unpacked diffutils:i386 1:3.3-3
2016-04-20 22:03:21 status unpacked diffutils:i386 1:3.3-3
2016-04-20 22:03:21 upgrade dpkg:i386 1.18.4ubuntu1 1.18.4ubuntu1
2016-04-20 22:03:21 status half-configured dpkg:i386 1.18.4ubuntu1
2016-04-20 22:03:21 status unpacked dpkg:i386 1.18.4ubuntu1
2016-04-20 22:03:21 status half-installed dpkg:i386 1.18.4ubuntu1
2016-04-20 22:03:21 status half-installed dpkg:i386 1.18.4ubuntu1
2016-04-20 22:03:21 status unpacked dpkg:i386 1.18.4ubuntu1
2016-04-20 22:03:21 status unpacked dpkg:i386 1.18.4ubuntu1
2016-04-20 22:03:21 install e2fslibs:i386 <none> 1.42.13-1ubuntu1
2016-04-20 22:03:21 status half-installed e2fslibs:i386 1.42.13-1ubuntu1
2016-04-20 22:03:21 status unpacked e2fslibs:i386 1.42.13-1ubuntu1
2016-04-20 22:03:21 status unpacked e2fslibs:i386 1.42.13-1ubuntu1
2016-04-20 22:03:21 install e2fsprogs:i386 <none> 1.42.13-1ubuntu1
2016-04-20 22:03:21 status half-installed e2fsprogs:i386 1.42.13-1ubuntu1
2016-04-20 22:03:21 status unpacked e2fsprogs:i386 1.42.13-1ubuntu1
2016-04-20 22:03:21 status unpacked e2fsprogs:i386 1.42.13-1ubuntu1
2016-04-20 22:03:21 install findutils:i386 <none> 4.6.0+git+20160126-2
2016-04-20 22:03:21 status half-installed findutils:i386 4.6.0+git+20160126-2
2016-04-20 22:03:21 status unpacked findutils:i386 4.6.0+git+20160126-2
2016-04-20 22:03:21 status unpacked findutils:i386 4.6.0+git+20160126-2
2016-04-20 22:03:21 install gcc-6-base:i386 <none> 6.0.1-0ubuntu1
2016-04-20 22:03:21 status half-installed gcc-6-base:i386 6.0.1-0ubuntu1
2016-04-20 22:03:21 status unpacked gcc-6-base:i386 6.0.1-0ubuntu1
2016-04-20 22:03:21 status unpacked gcc-6-base:i386 6.0.1-0ubuntu1
2016-04-20 22:03:21 install grep:i386 <none> 2.24-1
2016-04-20 22:03:21 status half-installed grep:i386 2.24-1
2016-04-20 22:03:21 status unpacked grep:i386 2.24-1
2016-04-20 22:03:21 status unpacked grep:i386 2.24-1
2016-04-20 22:03:21 install gzip:i386 <none> 1.6-4ubuntu1
2016-04-20 22:03:21 status half-installed gzip:i386 1.6-4ubuntu1
2016-04-20 22:03:22 status unpacked gzip:i386 1.6-4ubuntu1
2016-04-20 22:03:22 status unpacked gzip:i386 1.6-4ubuntu1
2016-04-20 22:03:22 install hostname:i386 <none> 3.16ubuntu2
2016-04-20 22:03:22 status half-installed hostname:i386 3.16ubuntu2
2016-04-20 22:03:22 status unpacked hostname:i386 3.16ubuntu2
2016-04-20 22:03:22 status unpacked hostname:i386 3.16ubuntu2
2016-04-20 22:03:22 install init:i386 <none> 1.29ubuntu1
2016-04-20 22:03:22 status half-installed init:i386 1.29ubuntu1
2016-04-20 22:03:22 status unpacked init:i386 1.29ubuntu1
2016-04-20 22:03:22 status unpacked init:i386 1.29ubuntu1
2016-04-20 22:03:22 install init-system-helpers:all <none> 1.29ubuntu1
2016-04-20 22:03:22 status half-installed init-system-helpers:all 1.29ubuntu1
2016-04-20 22:03:22 status unpacked init-system-helpers:all 1.29ubuntu1
2016-04-20 22:03:22 status unpacked init-system-helpers:all 1.29ubuntu1
2016-04-20 22:03:22 install initscripts:i386 <none> 2.88dsf-59.3ubuntu2
2016-04-20 22:03:22 status half-installed initscripts:i386 2.88dsf-59.3ubuntu2
2016-04-20 22:03:22 status unpacked initscripts:i386 2.88dsf-59.3ubuntu2
2016-04-20 22:03:22 status unpacked initscripts:i386 2.88dsf-59.3ubuntu2
2016-04-20 22:03:22 install insserv:i386 <none> 1.14.0-5ubuntu3
2016-04-20 22:03:22 status half-installed insserv:i386 1.14.0-5ubuntu3
2016-04-20 22:03:22 status unpacked insserv:i386 1.14.0-5ubuntu3
2016-04-20 22:03:22 status unpacked insserv:i386 1.14.0-5ubuntu3
2016-04-20 22:03:22 install libacl1:i386 <none> 2.2.52-3
2016-04-20 22:03:22 status half-installed libacl1:i386 2.2.52-3
2016-04-20 22:03:22 status unpacked libacl1:i386 2.2.52-3
2016-04-20 22:03:22 status unpacked libacl1:i386 2.2.52-3
2016-04-20 22:03:22 install libapparmor1:i386 <none> 2.10.95-0ubuntu2
2016-04-20 22:03:22 status half-installed libapparmor1:i386 2.10.95-0ubuntu2
2016-04-20 22:03:22 status unpacked libapparmor1:i386 2.10.95-0ubuntu2
2016-04-20 22:03:22 status unpacked libapparmor1:i386 2.10.95-0ubuntu2
2016-04-20 22:03:22 install libattr1:i386 <none> 1:2.4.47-2
2016-04-20 22:03:22 status half-installed libattr1:i386 1:2.4.47-2
2016-04-20 22:03:22 status unpacked libattr1:i386 1:2.4.47-2
2016-04-20 22:03:22 status unpacked libattr1:i386 1:2.4.47-2
2016-04-20 22:03:22 install libaudit-common:all <none> 1:2.4.5-1ubuntu2
2016-04-20 22:03:22 status half-installed libaudit-common:all 1:2.4.5-1ubuntu2
2016-04-20 22:03:22 status unpacked libaudit-common:all 1:2.4.5-1ubuntu2
2016-04-20 22:03:22 status unpacked libaudit-common:all 1:2.4.5-1ubuntu2
2016-04-20 22:03:22 install libaudit1:i386 <none> 1:2.4.5-1ubuntu2
2016-04-20 22:03:22 status half-installed libaudit1:i386 1:2.4.5-1ubuntu2
2016-04-20 22:03:22 status unpacked libaudit1:i386 1:2.4.5-1ubuntu2
2016-04-20 22:03:22 status unpacked libaudit1:i386 1:2.4.5-1ubuntu2
2016-04-20 22:03:22 install libblkid1:i386 <none> 2.27.1-6ubuntu3
2016-04-20 22:03:22 status half-installed libblkid1:i386 2.27.1-6ubuntu3
2016-04-20 22:03:22 status unpacked libblkid1:i386 2.27.1-6ubuntu3
2016-04-20 22:03:22 status unpacked libblkid1:i386 2.27.1-6ubuntu3
2016-04-20 22:03:22 install libbz2-1.0:i386 <none> 1.0.6-8
2016-04-20 22:03:22 status half-installed libbz2-1.0:i386 1.0.6-8
2016-04-20 22:03:22 status unpacked libbz2-1.0:i386 1.0.6-8
2016-04-20 22:03:22 status unpacked libbz2-1.0:i386 1.0.6-8
2016-04-20 22:03:22 install libc-bin:i386 <none> 2.23-0ubuntu3
2016-04-20 22:03:22 status half-installed libc-bin:i386 2.23-0ubuntu3
2016-04-20 22:03:22 status unpacked libc-bin:i386 2.23-0ubuntu3
2016-04-20 22:03:22 status unpacked libc-bin:i386 2.23-0ubuntu3
2016-04-20 22:03:22 upgrade libc6:i386 2.23-0ubuntu3 2.23-0ubuntu3
2016-04-20 22:03:22 status half-configured libc6:i386 2.23-0ubuntu3
2016-04-20 22:03:22 status unpacked libc6:i386 2.23-0ubuntu3
2016-04-20 22:03:22 status half-installed libc6:i386 2.23-0ubuntu3
2016-04-20 22:03:23 status half-installed libc6:i386 2.23-0ubuntu3
2016-04-20 22:03:23 status unpacked libc6:i386 2.23-0ubuntu3
2016-04-20 22:03:23 status unpacked libc6:i386 2.23-0ubuntu3
2016-04-20 22:03:23 install libcap2:i386 <none> 1:2.24-12
2016-04-20 22:03:23 status half-installed libcap2:i386 1:2.24-12
2016-04-20 22:03:23 status unpacked libcap2:i386 1:2.24-12
2016-04-20 22:03:23 status unpacked libcap2:i386 1:2.24-12
2016-04-20 22:03:23 install libcap2-bin:i386 <none> 1:2.24-12
2016-04-20 22:03:23 status half-installed libcap2-bin:i386 1:2.24-12
2016-04-20 22:03:23 status unpacked libcap2-bin:i386 1:2.24-12
2016-04-20 22:03:23 status unpacked libcap2-bin:i386 1:2.24-12
2016-04-20 22:03:23 install libcomerr2:i386 <none> 1.42.13-1ubuntu1
2016-04-20 22:03:23 status half-installed libcomerr2:i386 1.42.13-1ubuntu1
2016-04-20 22:03:23 status unpacked libcomerr2:i386 1.42.13-1ubuntu1
2016-04-20 22:03:23 status unpacked libcomerr2:i386 1.42.13-1ubuntu1
2016-04-20 22:03:23 install libcryptsetup4:i386 <none> 2:1.6.6-5ubuntu2
2016-04-20 22:03:23 status half-installed libcryptsetup4:i386 2:1.6.6-5ubuntu2
2016-04-20 22:03:23 status unpacked libcryptsetup4:i386 2:1.6.6-5ubuntu2
2016-04-20 22:03:23 status unpacked libcryptsetup4:i386 2:1.6.6-5ubuntu2
2016-04-20 22:03:23 install libdb5.3:i386 <none> 5.3.28-11
2016-04-20 22:03:23 status half-installed libdb5.3:i386 5.3.28-11
2016-04-20 22:03:23 status unpacked libdb5.3:i386 5.3.28-11
2016-04-20 22:03:23 status unpacked libdb5.3:i386 5.3.28-11
2016-04-20 22:03:23 install libdebconfclient0:i386 <none> 0.198ubuntu1
2016-04-20 22:03:23 status half-installed libdebconfclient0:i386 0.198ubuntu1
2016-04-20 22:03:23 status unpacked libdebconfclient0:i386 0.198ubuntu1
2016-04-20 22:03:23 status unpacked libdebconfclient0:i386 0.198ubuntu1
2016-04-20 22:03:23 install libdevmapper1.02.1:i386 <none> 2:1.02.110-1ubuntu10
2016-04-20 22:03:23 status half-installed libdevmapper1.02.1:i386 2:1.02.110-1ubuntu10
2016-04-20 22:03:23 status unpacked libdevmapper1.02.1:i386 2:1.02.110-1ubuntu10
2016-04-20 22:03:23 status unpacked libdevmapper1.02.1:i386 2:1.02.110-1ubuntu10
2016-04-20 22:03:23 install libfdisk1:i386 <none> 2.27.1-6ubuntu3
2016-04-20 22:03:23 status half-installed libfdisk1:i386 2.27.1-6ubuntu3
2016-04-20 22:03:23 status unpacked libfdisk1:i386 2.27.1-6ubuntu3
2016-04-20 22:03:23 status unpacked libfdisk1:i386 2.27.1-6ubuntu3
2016-04-20 22:03:23 install libgcc1:i386 <none> 1:6.0.1-0ubuntu1
2016-04-20 22:03:23 status half-installed libgcc1:i386 1:6.0.1-0ubuntu1
2016-04-20 22:03:23 status unpacked libgcc1:i386 1:6.0.1-0ubuntu1
2016-04-20 22:03:23 status unpacked libgcc1:i386 1:6.0.1-0ubuntu1
2016-04-20 22:03:23 install libgcrypt20:i386 <none> 1.6.5-2
2016-04-20 22:03:23 status half-installed libgcrypt20:i386 1.6.5-2
2016-04-20 22:03:23 status unpacked libgcrypt20:i386 1.6.5-2
2016-04-20 22:03:23 status unpacked libgcrypt20:i386 1.6.5-2
2016-04-20 22:03:23 install libgpg-error0:i386 <none> 1.21-2ubuntu1
2016-04-20 22:03:23 status half-installed libgpg-error0:i386 1.21-2ubuntu1
2016-04-20 22:03:23 status unpacked libgpg-error0:i386 1.21-2ubuntu1
2016-04-20 22:03:23 status unpacked libgpg-error0:i386 1.21-2ubuntu1
2016-04-20 22:03:23 install libkmod2:i386 <none> 22-1ubuntu4
2016-04-20 22:03:23 status half-installed libkmod2:i386 22-1ubuntu4
2016-04-20 22:03:23 status unpacked libkmod2:i386 22-1ubuntu4
2016-04-20 22:03:23 status unpacked libkmod2:i386 22-1ubuntu4
2016-04-20 22:03:23 install liblzma5:i386 <none> 5.1.1alpha+20120614-2ubuntu2
2016-04-20 22:03:23 status half-installed liblzma5:i386 5.1.1alpha+20120614-2ubuntu2
2016-04-20 22:03:23 status unpacked liblzma5:i386 5.1.1alpha+20120614-2ubuntu2
2016-04-20 22:03:23 status unpacked liblzma5:i386 5.1.1alpha+20120614-2ubuntu2
2016-04-20 22:03:23 install libmount1:i386 <none> 2.27.1-6ubuntu3
2016-04-20 22:03:23 status half-installed libmount1:i386 2.27.1-6ubuntu3
2016-04-20 22:03:23 status unpacked libmount1:i386 2.27.1-6ubuntu3
2016-04-20 22:03:23 status unpacked libmount1:i386 2.27.1-6ubuntu3
2016-04-20 22:03:23 install libncurses5:i386 <none> 6.0+20160213-1ubuntu1
2016-04-20 22:03:23 status half-installed libncurses5:i386 6.0+20160213-1ubuntu1
2016-04-20 22:03:23 status unpacked libncurses5:i386 6.0+20160213-1ubuntu1
2016-04-20 22:03:23 status unpacked libncurses5:i386 6.0+20160213-1ubuntu1
2016-04-20 22:03:23 install libncursesw5:i386 <none> 6.0+20160213-1ubuntu1
2016-04-20 22:03:23 status half-installed libncursesw5:i386 6.0+20160213-1ubuntu1
2016-04-20 22:03:23 status unpacked libncursesw5:i386 6.0+20160213-1ubuntu1
2016-04-20 22:03:23 status unpacked libncursesw5:i386 6.0+20160213-1ubuntu1
2016-04-20 22:03:23 install libpam-modules:i386 <none> 1.1.8-3.2ubuntu2
2016-04-20 22:03:23 status half-installed libpam-modules:i386 1.1.8-3.2ubuntu2
2016-04-20 22:03:23 status unpacked libpam-modules:i386 1.1.8-3.2ubuntu2
2016-04-20 22:03:23 status unpacked libpam-modules:i386 1.1.8-3.2ubuntu2
2016-04-20 22:03:23 install libpam-modules-bin:i386 <none> 1.1.8-3.2ubuntu2
2016-04-20 22:03:23 status half-installed libpam-modules-bin:i386 1.1.8-3.2ubuntu2
2016-04-20 22:03:23 status unpacked libpam-modules-bin:i386 1.1.8-3.2ubuntu2
2016-04-20 22:03:23 status unpacked libpam-modules-bin:i386 1.1.8-3.2ubuntu2
2016-04-20 22:03:23 install libpam-runtime:all <none> 1.1.8-3.2ubuntu2
2016-04-20 22:03:23 status half-installed libpam-runtime:all 1.1.8-3.2ubuntu2
2016-04-20 22:03:23 status unpacked libpam-runtime:all 1.1.8-3.2ubuntu2
2016-04-20 22:03:23 status unpacked libpam-runtime:all 1.1.8-3.2ubuntu2
2016-04-20 22:03:23 install libpam0g:i386 <none> 1.1.8-3.2ubuntu2
2016-04-20 22:03:23 status half-installed libpam0g:i386 1.1.8-3.2ubuntu2
2016-04-20 22:03:23 status unpacked libpam0g:i386 1.1.8-3.2ubuntu2
2016-04-20 22:03:23 status unpacked libpam0g:i386 1.1.8-3.2ubuntu2
2016-04-20 22:03:23 install libpcre3:i386 <none> 2:8.38-3.1
2016-04-20 22:03:23 status half-installed libpcre3:i386 2:8.38-3.1
2016-04-20 22:03:24 status unpacked libpcre3:i386 2:8.38-3.1
2016-04-20 22:03:24 status unpacked libpcre3:i386 2:8.38-3.1
2016-04-20 22:03:24 install libprocps4:i386 <none> 2:3.3.10-4ubuntu2
2016-04-20 22:03:24 status half-installed libprocps4:i386 2:3.3.10-4ubuntu2
2016-04-20 22:03:24 status unpacked libprocps4:i386 2:3.3.10-4ubuntu2
2016-04-20 22:03:24 status unpacked libprocps4:i386 2:3.3.10-4ubuntu2
2016-04-20 22:03:24 install libseccomp2:i386 <none> 2.2.3-3ubuntu3
2016-04-20 22:03:24 status half-installed libseccomp2:i386 2.2.3-3ubuntu3
2016-04-20 22:03:24 status unpacked libseccomp2:i386 2.2.3-3ubuntu3
2016-04-20 22:03:24 status unpacked libseccomp2:i386 2.2.3-3ubuntu3
2016-04-20 22:03:24 install libselinux1:i386 <none> 2.4-3build2
2016-04-20 22:03:24 status half-installed libselinux1:i386 2.4-3build2
2016-04-20 22:03:24 status unpacked libselinux1:i386 2.4-3build2
2016-04-20 22:03:24 status unpacked libselinux1:i386 2.4-3build2
2016-04-20 22:03:24 install libsemanage-common:all <none> 2.3-1build3
2016-04-20 22:03:24 status half-installed libsemanage-common:all 2.3-1build3
2016-04-20 22:03:24 status unpacked libsemanage-common:all 2.3-1build3
2016-04-20 22:03:24 status unpacked libsemanage-common:all 2.3-1build3
2016-04-20 22:03:24 install libsemanage1:i386 <none> 2.3-1build3
2016-04-20 22:03:24 status half-installed libsemanage1:i386 2.3-1build3
2016-04-20 22:03:24 status unpacked libsemanage1:i386 2.3-1build3
2016-04-20 22:03:24 status unpacked libsemanage1:i386 2.3-1build3
2016-04-20 22:03:24 install libsepol1:i386 <none> 2.4-2
2016-04-20 22:03:24 status half-installed libsepol1:i386 2.4-2
2016-04-20 22:03:24 status unpacked libsepol1:i386 2.4-2
2016-04-20 22:03:24 status unpacked libsepol1:i386 2.4-2
2016-04-20 22:03:24 install libsmartcols1:i386 <none> 2.27.1-6ubuntu3
2016-04-20 22:03:24 status half-installed libsmartcols1:i386 2.27.1-6ubuntu3
2016-04-20 22:03:24 status unpacked libsmartcols1:i386 2.27.1-6ubuntu3
2016-04-20 22:03:24 status unpacked libsmartcols1:i386 2.27.1-6ubuntu3
2016-04-20 22:03:24 install libss2:i386 <none> 1.42.13-1ubuntu1
2016-04-20 22:03:24 status half-installed libss2:i386 1.42.13-1ubuntu1
2016-04-20 22:03:24 status unpacked libss2:i386 1.42.13-1ubuntu1
2016-04-20 22:03:24 status unpacked libss2:i386 1.42.13-1ubuntu1
2016-04-20 22:03:24 install libsystemd0:i386 <none> 229-4ubuntu4
2016-04-20 22:03:24 status half-installed libsystemd0:i386 229-4ubuntu4
2016-04-20 22:03:24 status unpacked libsystemd0:i386 229-4ubuntu4
2016-04-20 22:03:24 status unpacked libsystemd0:i386 229-4ubuntu4
2016-04-20 22:03:24 install libtinfo5:i386 <none> 6.0+20160213-1ubuntu1
2016-04-20 22:03:24 status half-installed libtinfo5:i386 6.0+20160213-1ubuntu1
2016-04-20 22:03:24 status unpacked libtinfo5:i386 6.0+20160213-1ubuntu1
2016-04-20 22:03:24 status unpacked libtinfo5:i386 6.0+20160213-1ubuntu1
2016-04-20 22:03:24 install libudev1:i386 <none> 229-4ubuntu4
2016-04-20 22:03:24 status half-installed libudev1:i386 229-4ubuntu4
2016-04-20 22:03:24 status unpacked libudev1:i386 229-4ubuntu4
2016-04-20 22:03:24 status unpacked libudev1:i386 229-4ubuntu4
2016-04-20 22:03:24 install libustr-1.0-1:i386 <none> 1.0.4-5
2016-04-20 22:03:24 status half-installed libustr-1.0-1:i386 1.0.4-5
2016-04-20 22:03:24 status unpacked libustr-1.0-1:i386 1.0.4-5
2016-04-20 22:03:24 status unpacked libustr-1.0-1:i386 1.0.4-5
2016-04-20 22:03:24 install libuuid1:i386 <none> 2.27.1-6ubuntu3
2016-04-20 22:03:24 status half-installed libuuid1:i386 2.27.1-6ubuntu3
2016-04-20 22:03:24 status unpacked libuuid1:i386 2.27.1-6ubuntu3
2016-04-20 22:03:24 status unpacked libuuid1:i386 2.27.1-6ubuntu3
2016-04-20 22:03:24 install locales:all <none> 2.23-0ubuntu3
2016-04-20 22:03:24 status half-installed locales:all 2.23-0ubuntu3
2016-04-20 22:03:25 status unpacked locales:all 2.23-0ubuntu3
2016-04-20 22:03:25 status unpacked locales:all 2.23-0ubuntu3
2016-04-20 22:03:25 install login:i386 <none> 1:4.2-3.1ubuntu5
2016-04-20 22:03:25 status half-installed login:i386 1:4.2-3.1ubuntu5
2016-04-20 22:03:25 status unpacked login:i386 1:4.2-3.1ubuntu5
2016-04-20 22:03:25 status unpacked login:i386 1:4.2-3.1ubuntu5
2016-04-20 22:03:25 install lsb-base:all <none> 9.20160110
2016-04-20 22:03:25 status half-installed lsb-base:all 9.20160110
2016-04-20 22:03:25 status unpacked lsb-base:all 9.20160110
2016-04-20 22:03:25 status unpacked lsb-base:all 9.20160110
2016-04-20 22:03:25 install makedev:all <none> 2.3.1-93ubuntu1
2016-04-20 22:03:25 status half-installed makedev:all 2.3.1-93ubuntu1
2016-04-20 22:03:25 status unpacked makedev:all 2.3.1-93ubuntu1
2016-04-20 22:03:25 status unpacked makedev:all 2.3.1-93ubuntu1
2016-04-20 22:03:25 upgrade mawk:i386 1.3.3-17ubuntu2 1.3.3-17ubuntu2
2016-04-20 22:03:25 status half-configured mawk:i386 1.3.3-17ubuntu2
2016-04-20 22:03:25 status unpacked mawk:i386 1.3.3-17ubuntu2
2016-04-20 22:03:25 status half-installed mawk:i386 1.3.3-17ubuntu2
2016-04-20 22:03:25 status half-installed mawk:i386 1.3.3-17ubuntu2
2016-04-20 22:03:25 status unpacked mawk:i386 1.3.3-17ubuntu2
2016-04-20 22:03:25 status unpacked mawk:i386 1.3.3-17ubuntu2
2016-04-20 22:03:25 install mount:i386 <none> 2.27.1-6ubuntu3
2016-04-20 22:03:25 status half-installed mount:i386 2.27.1-6ubuntu3
2016-04-20 22:03:25 status unpacked mount:i386 2.27.1-6ubuntu3
2016-04-20 22:03:25 status unpacked mount:i386 2.27.1-6ubuntu3
2016-04-20 22:03:25 install multiarch-support:i386 <none> 2.23-0ubuntu3
2016-04-20 22:03:25 status half-installed multiarch-support:i386 2.23-0ubuntu3
2016-04-20 22:03:25 status unpacked multiarch-support:i386 2.23-0ubuntu3
2016-04-20 22:03:25 status unpacked multiarch-support:i386 2.23-0ubuntu3
2016-04-20 22:03:25 install ncurses-base:all <none> 6.0+20160213-1ubuntu1
2016-04-20 22:03:25 status half-installed ncurses-base:all 6.0+20160213-1ubuntu1
2016-04-20 22:03:25 status unpacked ncurses-base:all 6.0+20160213-1ubuntu1
2016-04-20 22:03:25 status unpacked ncurses-base:all 6.0+20160213-1ubuntu1
2016-04-20 22:03:25 install ncurses-bin:i386 <none> 6.0+20160213-1ubuntu1
2016-04-20 22:03:25 status half-installed ncurses-bin:i386 6.0+20160213-1ubuntu1
2016-04-20 22:03:25 status unpacked ncurses-bin:i386 6.0+20160213-1ubuntu1
2016-04-20 22:03:25 status unpacked ncurses-bin:i386 6.0+20160213-1ubuntu1
2016-04-20 22:03:25 install passwd:i386 <none> 1:4.2-3.1ubuntu5
2016-04-20 22:03:25 status half-installed passwd:i386 1:4.2-3.1ubuntu5
2016-04-20 22:03:25 status unpacked passwd:i386 1:4.2-3.1ubuntu5
2016-04-20 22:03:25 status unpacked passwd:i386 1:4.2-3.1ubuntu5
2016-04-20 22:03:25 upgrade perl-base:i386 5.22.1-9 5.22.1-9
2016-04-20 22:03:25 status half-configured perl-base:i386 5.22.1-9
2016-04-20 22:03:25 status unpacked perl-base:i386 5.22.1-9
2016-04-20 22:03:25 status half-installed perl-base:i386 5.22.1-9
2016-04-20 22:03:26 status half-installed perl-base:i386 5.22.1-9
2016-04-20 22:03:26 status unpacked perl-base:i386 5.22.1-9
2016-04-20 22:03:26 status unpacked perl-base:i386 5.22.1-9
2016-04-20 22:03:26 install procps:i386 <none> 2:3.3.10-4ubuntu2
2016-04-20 22:03:26 status half-installed procps:i386 2:3.3.10-4ubuntu2
2016-04-20 22:03:26 status unpacked procps:i386 2:3.3.10-4ubuntu2
2016-04-20 22:03:26 status unpacked procps:i386 2:3.3.10-4ubuntu2
2016-04-20 22:03:26 install sed:i386 <none> 4.2.2-7
2016-04-20 22:03:26 status half-installed sed:i386 4.2.2-7
2016-04-20 22:03:26 status unpacked sed:i386 4.2.2-7
2016-04-20 22:03:26 status unpacked sed:i386 4.2.2-7
2016-04-20 22:03:26 install sensible-utils:all <none> 0.0.9
2016-04-20 22:03:26 status half-installed sensible-utils:all 0.0.9
2016-04-20 22:03:26 status unpacked sensible-utils:all 0.0.9
2016-04-20 22:03:26 status unpacked sensible-utils:all 0.0.9
2016-04-20 22:03:26 install systemd:i386 <none> 229-4ubuntu4
2016-04-20 22:03:26 status half-installed systemd:i386 229-4ubuntu4
2016-04-20 22:03:27 status unpacked systemd:i386 229-4ubuntu4
2016-04-20 22:03:27 status unpacked systemd:i386 229-4ubuntu4
2016-04-20 22:03:27 install systemd-sysv:i386 <none> 229-4ubuntu4
2016-04-20 22:03:27 status half-installed systemd-sysv:i386 229-4ubuntu4
2016-04-20 22:03:27 status unpacked systemd-sysv:i386 229-4ubuntu4
2016-04-20 22:03:27 status unpacked systemd-sysv:i386 229-4ubuntu4
2016-04-20 22:03:27 install sysv-rc:all <none> 2.88dsf-59.3ubuntu2
2016-04-20 22:03:27 status half-installed sysv-rc:all 2.88dsf-59.3ubuntu2
2016-04-20 22:03:27 status unpacked sysv-rc:all 2.88dsf-59.3ubuntu2
2016-04-20 22:03:27 status unpacked sysv-rc:all 2.88dsf-59.3ubuntu2
2016-04-20 22:03:27 install sysvinit-utils:i386 <none> 2.88dsf-59.3ubuntu2
2016-04-20 22:03:27 status half-installed sysvinit-utils:i386 2.88dsf-59.3ubuntu2
2016-04-20 22:03:27 status unpacked sysvinit-utils:i386 2.88dsf-59.3ubuntu2
2016-04-20 22:03:27 status unpacked sysvinit-utils:i386 2.88dsf-59.3ubuntu2
2016-04-20 22:03:27 install tar:i386 <none> 1.28-2.1
2016-04-20 22:03:27 status half-installed tar:i386 1.28-2.1
2016-04-20 22:03:27 status unpacked tar:i386 1.28-2.1
2016-04-20 22:03:27 status unpacked tar:i386 1.28-2.1
2016-04-20 22:03:27 install tzdata:all <none> 2016d-0ubuntu0.16.04
2016-04-20 22:03:27 status half-installed tzdata:all 2016d-0ubuntu0.16.04
2016-04-20 22:03:27 status unpacked tzdata:all 2016d-0ubuntu0.16.04
2016-04-20 22:03:27 status unpacked tzdata:all 2016d-0ubuntu0.16.04
2016-04-20 22:03:27 install util-linux:i386 <none> 2.27.1-6ubuntu3
2016-04-20 22:03:27 status half-installed util-linux:i386 2.27.1-6ubuntu3
2016-04-20 22:03:27 status unpacked util-linux:i386 2.27.1-6ubuntu3
2016-04-20 22:03:27 status unpacked util-linux:i386 2.27.1-6ubuntu3
2016-04-20 22:03:27 install zlib1g:i386 <none> 1:1.2.8.dfsg-2ubuntu4
2016-04-20 22:03:27 status half-installed zlib1g:i386 1:1.2.8.dfsg-2ubuntu4
2016-04-20 22:03:27 status unpacked zlib1g:i386 1:1.2.8.dfsg-2ubuntu4
2016-04-20 22:03:27 status unpacked zlib1g:i386 1:1.2.8.dfsg-2ubuntu4
2016-04-20 22:03:27 startup packages configure
2016-04-20 22:03:27 configure gcc-6-base:i386 6.0.1-0ubuntu1 <none>
2016-04-20 22:03:27 status unpacked gcc-6-base:i386 6.0.1-0ubuntu1
2016-04-20 22:03:27 status half-configured gcc-6-base:i386 6.0.1-0ubuntu1
2016-04-20 22:03:27 status installed gcc-6-base:i386 6.0.1-0ubuntu1
2016-04-20 22:03:27 configure lsb-base:all 9.20160110 <none>
2016-04-20 22:03:27 status unpacked lsb-base:all 9.20160110
2016-04-20 22:03:27 status half-configured lsb-base:all 9.20160110
2016-04-20 22:03:27 status installed lsb-base:all 9.20160110
2016-04-20 22:03:27 configure sensible-utils:all 0.0.9 <none>
2016-04-20 22:03:27 status unpacked sensible-utils:all 0.0.9
2016-04-20 22:03:27 status half-configured sensible-utils:all 0.0.9
2016-04-20 22:03:27 status installed sensible-utils:all 0.0.9
2016-04-20 22:03:27 configure ncurses-base:all 6.0+20160213-1ubuntu1 <none>
2016-04-20 22:03:27 status unpacked ncurses-base:all 6.0+20160213-1ubuntu1
2016-04-20 22:03:27 status unpacked ncurses-base:all 6.0+20160213-1ubuntu1
2016-04-20 22:03:27 status half-configured ncurses-base:all 6.0+20160213-1ubuntu1
2016-04-20 22:03:27 status installed ncurses-base:all 6.0+20160213-1ubuntu1
2016-04-20 22:03:27 configure libsemanage-common:all 2.3-1build3 <none>
2016-04-20 22:03:27 status unpacked libsemanage-common:all 2.3-1build3
2016-04-20 22:03:27 status unpacked libsemanage-common:all 2.3-1build3
2016-04-20 22:03:27 status half-configured libsemanage-common:all 2.3-1build3
2016-04-20 22:03:27 status installed libsemanage-common:all 2.3-1build3
2016-04-20 22:03:27 configure libaudit-common:all 1:2.4.5-1ubuntu2 <none>
2016-04-20 22:03:27 status unpacked libaudit-common:all 1:2.4.5-1ubuntu2
2016-04-20 22:03:27 status unpacked libaudit-common:all 1:2.4.5-1ubuntu2
2016-04-20 22:03:27 status half-configured libaudit-common:all 1:2.4.5-1ubuntu2
2016-04-20 22:03:27 status installed libaudit-common:all 1:2.4.5-1ubuntu2
2016-04-20 22:03:27 configure libc6:i386 2.23-0ubuntu3 <none>
2016-04-20 22:03:27 status unpacked libc6:i386 2.23-0ubuntu3
2016-04-20 22:03:27 status unpacked libc6:i386 2.23-0ubuntu3
2016-04-20 22:03:27 status half-configured libc6:i386 2.23-0ubuntu3
2016-04-20 22:03:28 status installed libc6:i386 2.23-0ubuntu3
2016-04-20 22:03:28 configure libbz2-1.0:i386 1.0.6-8 <none>
2016-04-20 22:03:28 status unpacked libbz2-1.0:i386 1.0.6-8
2016-04-20 22:03:28 status half-configured libbz2-1.0:i386 1.0.6-8
2016-04-20 22:03:28 status installed libbz2-1.0:i386 1.0.6-8
2016-04-20 22:03:28 configure libkmod2:i386 22-1ubuntu4 <none>
2016-04-20 22:03:28 status unpacked libkmod2:i386 22-1ubuntu4
2016-04-20 22:03:28 status half-configured libkmod2:i386 22-1ubuntu4
2016-04-20 22:03:28 status installed libkmod2:i386 22-1ubuntu4
2016-04-20 22:03:28 configure libgpg-error0:i386 1.21-2ubuntu1 <none>
2016-04-20 22:03:28 status unpacked libgpg-error0:i386 1.21-2ubuntu1
2016-04-20 22:03:28 status half-configured libgpg-error0:i386 1.21-2ubuntu1
2016-04-20 22:03:28 status installed libgpg-error0:i386 1.21-2ubuntu1
2016-04-20 22:03:28 configure libc-bin:i386 2.23-0ubuntu3 <none>
2016-04-20 22:03:28 status unpacked libc-bin:i386 2.23-0ubuntu3
2016-04-20 22:03:28 status unpacked libc-bin:i386 2.23-0ubuntu3
2016-04-20 22:03:28 status unpacked libc-bin:i386 2.23-0ubuntu3
2016-04-20 22:03:28 status unpacked libc-bin:i386 2.23-0ubuntu3
2016-04-20 22:03:28 status unpacked libc-bin:i386 2.23-0ubuntu3
2016-04-20 22:03:28 status unpacked libc-bin:i386 2.23-0ubuntu3
2016-04-20 22:03:28 status half-configured libc-bin:i386 2.23-0ubuntu3
2016-04-20 22:03:28 status installed libc-bin:i386 2.23-0ubuntu3
2016-04-20 22:03:28 configure libseccomp2:i386 2.2.3-3ubuntu3 <none>
2016-04-20 22:03:28 status triggers-pending libc-bin:i386 2.23-0ubuntu3
2016-04-20 22:03:28 status unpacked libseccomp2:i386 2.2.3-3ubuntu3
2016-04-20 22:03:28 status half-configured libseccomp2:i386 2.2.3-3ubuntu3
2016-04-20 22:03:28 status installed libseccomp2:i386 2.2.3-3ubuntu3
2016-04-20 22:03:28 configure libapparmor1:i386 2.10.95-0ubuntu2 <none>
2016-04-20 22:03:28 status unpacked libapparmor1:i386 2.10.95-0ubuntu2
2016-04-20 22:03:28 status half-configured libapparmor1:i386 2.10.95-0ubuntu2
2016-04-20 22:03:28 status installed libapparmor1:i386 2.10.95-0ubuntu2
2016-04-20 22:03:28 configure libdebconfclient0:i386 0.198ubuntu1 <none>
2016-04-20 22:03:28 status unpacked libdebconfclient0:i386 0.198ubuntu1
2016-04-20 22:03:28 status half-configured libdebconfclient0:i386 0.198ubuntu1
2016-04-20 22:03:28 status installed libdebconfclient0:i386 0.198ubuntu1
2016-04-20 22:03:28 configure diffutils:i386 1:3.3-3 <none>
2016-04-20 22:03:28 status unpacked diffutils:i386 1:3.3-3
2016-04-20 22:03:28 status half-configured diffutils:i386 1:3.3-3
2016-04-20 22:03:28 status installed diffutils:i386 1:3.3-3
2016-04-20 22:03:28 configure insserv:i386 1.14.0-5ubuntu3 <none>
2016-04-20 22:03:28 status unpacked insserv:i386 1.14.0-5ubuntu3
2016-04-20 22:03:28 status unpacked insserv:i386 1.14.0-5ubuntu3
2016-04-20 22:03:28 status unpacked insserv:i386 1.14.0-5ubuntu3
2016-04-20 22:03:28 status half-configured insserv:i386 1.14.0-5ubuntu3
2016-04-20 22:03:28 status installed insserv:i386 1.14.0-5ubuntu3
2016-04-20 22:03:28 configure libcomerr2:i386 1.42.13-1ubuntu1 <none>
2016-04-20 22:03:28 status unpacked libcomerr2:i386 1.42.13-1ubuntu1
2016-04-20 22:03:28 status half-configured libcomerr2:i386 1.42.13-1ubuntu1
2016-04-20 22:03:28 status installed libcomerr2:i386 1.42.13-1ubuntu1
2016-04-20 22:03:28 configure libsepol1:i386 2.4-2 <none>
2016-04-20 22:03:28 status unpacked libsepol1:i386 2.4-2
2016-04-20 22:03:28 status half-configured libsepol1:i386 2.4-2
2016-04-20 22:03:28 status installed libsepol1:i386 2.4-2
2016-04-20 22:03:28 configure libgcc1:i386 1:6.0.1-0ubuntu1 <none>
2016-04-20 22:03:28 status unpacked libgcc1:i386 1:6.0.1-0ubuntu1
2016-04-20 22:03:28 status half-configured libgcc1:i386 1:6.0.1-0ubuntu1
2016-04-20 22:03:28 status installed libgcc1:i386 1:6.0.1-0ubuntu1
2016-04-20 22:03:28 configure libustr-1.0-1:i386 1.0.4-5 <none>
2016-04-20 22:03:28 status unpacked libustr-1.0-1:i386 1.0.4-5
2016-04-20 22:03:28 status half-configured libustr-1.0-1:i386 1.0.4-5
2016-04-20 22:03:28 status installed libustr-1.0-1:i386 1.0.4-5
2016-04-20 22:03:28 configure libsmartcols1:i386 2.27.1-6ubuntu3 <none>
2016-04-20 22:03:28 status unpacked libsmartcols1:i386 2.27.1-6ubuntu3
2016-04-20 22:03:28 status half-configured libsmartcols1:i386 2.27.1-6ubuntu3
2016-04-20 22:03:28 status installed libsmartcols1:i386 2.27.1-6ubuntu3
2016-04-20 22:03:28 configure libaudit1:i386 1:2.4.5-1ubuntu2 <none>
2016-04-20 22:03:28 status unpacked libaudit1:i386 1:2.4.5-1ubuntu2
2016-04-20 22:03:28 status half-configured libaudit1:i386 1:2.4.5-1ubuntu2
2016-04-20 22:03:28 status installed libaudit1:i386 1:2.4.5-1ubuntu2
2016-04-20 22:03:28 configure libtinfo5:i386 6.0+20160213-1ubuntu1 <none>
2016-04-20 22:03:28 status unpacked libtinfo5:i386 6.0+20160213-1ubuntu1
2016-04-20 22:03:28 status half-configured libtinfo5:i386 6.0+20160213-1ubuntu1
2016-04-20 22:03:28 status installed libtinfo5:i386 6.0+20160213-1ubuntu1
2016-04-20 22:03:28 configure libudev1:i386 229-4ubuntu4 <none>
2016-04-20 22:03:28 status unpacked libudev1:i386 229-4ubuntu4
2016-04-20 22:03:28 status half-configured libudev1:i386 229-4ubuntu4
2016-04-20 22:03:28 status installed libudev1:i386 229-4ubuntu4
2016-04-20 22:03:28 configure libss2:i386 1.42.13-1ubuntu1 <none>
2016-04-20 22:03:28 status unpacked libss2:i386 1.42.13-1ubuntu1
2016-04-20 22:03:28 status half-configured libss2:i386 1.42.13-1ubuntu1
2016-04-20 22:03:28 status installed libss2:i386 1.42.13-1ubuntu1
2016-04-20 22:03:28 configure base-passwd:i386 3.5.39 <none>
2016-04-20 22:03:28 status unpacked base-passwd:i386 3.5.39
2016-04-20 22:03:28 status half-configured base-passwd:i386 3.5.39
2016-04-20 22:03:28 status installed base-passwd:i386 3.5.39
2016-04-20 22:03:28 configure e2fslibs:i386 1.42.13-1ubuntu1 <none>
2016-04-20 22:03:28 status unpacked e2fslibs:i386 1.42.13-1ubuntu1
2016-04-20 22:03:28 status half-configured e2fslibs:i386 1.42.13-1ubuntu1
2016-04-20 22:03:28 status installed e2fslibs:i386 1.42.13-1ubuntu1
2016-04-20 22:03:28 configure debianutils:i386 4.7 <none>
2016-04-20 22:03:28 status unpacked debianutils:i386 4.7
2016-04-20 22:03:28 status half-configured debianutils:i386 4.7
2016-04-20 22:03:28 status installed debianutils:i386 4.7
2016-04-20 22:03:28 configure libgcrypt20:i386 1.6.5-2 <none>
2016-04-20 22:03:28 status unpacked libgcrypt20:i386 1.6.5-2
2016-04-20 22:03:28 status half-configured libgcrypt20:i386 1.6.5-2
2016-04-20 22:03:28 status installed libgcrypt20:i386 1.6.5-2
2016-04-20 22:03:28 configure libncursesw5:i386 6.0+20160213-1ubuntu1 <none>
2016-04-20 22:03:28 status unpacked libncursesw5:i386 6.0+20160213-1ubuntu1
2016-04-20 22:03:28 status half-configured libncursesw5:i386 6.0+20160213-1ubuntu1
2016-04-20 22:03:28 status installed libncursesw5:i386 6.0+20160213-1ubuntu1
2016-04-20 22:03:28 configure libdb5.3:i386 5.3.28-11 <none>
2016-04-20 22:03:28 status unpacked libdb5.3:i386 5.3.28-11
2016-04-20 22:03:28 status half-configured libdb5.3:i386 5.3.28-11
2016-04-20 22:03:28 status installed libdb5.3:i386 5.3.28-11
2016-04-20 22:03:28 configure zlib1g:i386 1:1.2.8.dfsg-2ubuntu4 <none>
2016-04-20 22:03:28 status unpacked zlib1g:i386 1:1.2.8.dfsg-2ubuntu4
2016-04-20 22:03:28 status half-configured zlib1g:i386 1:1.2.8.dfsg-2ubuntu4
2016-04-20 22:03:28 status installed zlib1g:i386 1:1.2.8.dfsg-2ubuntu4
2016-04-20 22:03:28 configure hostname:i386 3.16ubuntu2 <none>
2016-04-20 22:03:28 status unpacked hostname:i386 3.16ubuntu2
2016-04-20 22:03:28 status unpacked hostname:i386 3.16ubuntu2
2016-04-20 22:03:28 status unpacked hostname:i386 3.16ubuntu2
2016-04-20 22:03:28 status half-configured hostname:i386 3.16ubuntu2
2016-04-20 22:03:28 status installed hostname:i386 3.16ubuntu2
2016-04-20 22:03:28 configure multiarch-support:i386 2.23-0ubuntu3 <none>
2016-04-20 22:03:28 status unpacked multiarch-support:i386 2.23-0ubuntu3
2016-04-20 22:03:28 status half-configured multiarch-support:i386 2.23-0ubuntu3
2016-04-20 22:03:28 status installed multiarch-support:i386 2.23-0ubuntu3
2016-04-20 22:03:28 configure mawk:i386 1.3.3-17ubuntu2 <none>
2016-04-20 22:03:28 status unpacked mawk:i386 1.3.3-17ubuntu2
2016-04-20 22:03:28 status half-configured mawk:i386 1.3.3-17ubuntu2
2016-04-20 22:03:28 status installed mawk:i386 1.3.3-17ubuntu2
2016-04-20 22:03:28 configure libcap2:i386 1:2.24-12 <none>
2016-04-20 22:03:28 status unpacked libcap2:i386 1:2.24-12
2016-04-20 22:03:28 status half-configured libcap2:i386 1:2.24-12
2016-04-20 22:03:28 status installed libcap2:i386 1:2.24-12
2016-04-20 22:03:28 configure libpcre3:i386 2:8.38-3.1 <none>
2016-04-20 22:03:28 status unpacked libpcre3:i386 2:8.38-3.1
2016-04-20 22:03:28 status half-configured libpcre3:i386 2:8.38-3.1
2016-04-20 22:03:28 status installed libpcre3:i386 2:8.38-3.1
2016-04-20 22:03:28 configure base-files:i386 9.4ubuntu4 <none>
2016-04-20 22:03:28 status unpacked base-files:i386 9.4ubuntu4
2016-04-20 22:03:28 status unpacked base-files:i386 9.4ubuntu4
2016-04-20 22:03:28 status unpacked base-files:i386 9.4ubuntu4
2016-04-20 22:03:28 status unpacked base-files:i386 9.4ubuntu4
2016-04-20 22:03:28 status unpacked base-files:i386 9.4ubuntu4
2016-04-20 22:03:28 status unpacked base-files:i386 9.4ubuntu4
2016-04-20 22:03:28 status unpacked base-files:i386 9.4ubuntu4
2016-04-20 22:03:28 status unpacked base-files:i386 9.4ubuntu4
2016-04-20 22:03:28 status unpacked base-files:i386 9.4ubuntu4
2016-04-20 22:03:28 status unpacked base-files:i386 9.4ubuntu4
2016-04-20 22:03:28 status unpacked base-files:i386 9.4ubuntu4
2016-04-20 22:03:28 status half-configured base-files:i386 9.4ubuntu4
2016-04-20 22:03:28 status installed base-files:i386 9.4ubuntu4
2016-04-20 22:03:28 configure libselinux1:i386 2.4-3build2 <none>
2016-04-20 22:03:28 status unpacked libselinux1:i386 2.4-3build2
2016-04-20 22:03:28 status half-configured libselinux1:i386 2.4-3build2
2016-04-20 22:03:28 status installed libselinux1:i386 2.4-3build2
2016-04-20 22:03:28 configure findutils:i386 4.6.0+git+20160126-2 <none>
2016-04-20 22:03:28 status unpacked findutils:i386 4.6.0+git+20160126-2
2016-04-20 22:03:28 status half-configured findutils:i386 4.6.0+git+20160126-2
2016-04-20 22:03:28 status installed findutils:i386 4.6.0+git+20160126-2
2016-04-20 22:03:28 configure ncurses-bin:i386 6.0+20160213-1ubuntu1 <none>
2016-04-20 22:03:28 status unpacked ncurses-bin:i386 6.0+20160213-1ubuntu1
2016-04-20 22:03:28 status half-configured ncurses-bin:i386 6.0+20160213-1ubuntu1
2016-04-20 22:03:28 status installed ncurses-bin:i386 6.0+20160213-1ubuntu1
2016-04-20 22:03:28 configure libncurses5:i386 6.0+20160213-1ubuntu1 <none>
2016-04-20 22:03:28 status unpacked libncurses5:i386 6.0+20160213-1ubuntu1
2016-04-20 22:03:28 status half-configured libncurses5:i386 6.0+20160213-1ubuntu1
2016-04-20 22:03:28 status installed libncurses5:i386 6.0+20160213-1ubuntu1
2016-04-20 22:03:28 configure makedev:all 2.3.1-93ubuntu1 <none>
2016-04-20 22:03:28 status unpacked makedev:all 2.3.1-93ubuntu1
2016-04-20 22:03:28 status half-configured makedev:all 2.3.1-93ubuntu1
2016-04-20 22:03:30 status installed makedev:all 2.3.1-93ubuntu1
2016-04-20 22:03:30 configure libattr1:i386 1:2.4.47-2 <none>
2016-04-20 22:03:30 status unpacked libattr1:i386 1:2.4.47-2
2016-04-20 22:03:30 status half-configured libattr1:i386 1:2.4.47-2
2016-04-20 22:03:30 status installed libattr1:i386 1:2.4.47-2
2016-04-20 22:03:30 configure liblzma5:i386 5.1.1alpha+20120614-2ubuntu2 <none>
2016-04-20 22:03:30 status unpacked liblzma5:i386 5.1.1alpha+20120614-2ubuntu2
2016-04-20 22:03:30 status half-configured liblzma5:i386 5.1.1alpha+20120614-2ubuntu2
2016-04-20 22:03:30 status installed liblzma5:i386 5.1.1alpha+20120614-2ubuntu2
2016-04-20 22:03:30 configure libcap2-bin:i386 1:2.24-12 <none>
2016-04-20 22:03:30 status unpacked libcap2-bin:i386 1:2.24-12
2016-04-20 22:03:30 status half-configured libcap2-bin:i386 1:2.24-12
2016-04-20 22:03:30 status installed libcap2-bin:i386 1:2.24-12
2016-04-20 22:03:30 configure libsystemd0:i386 229-4ubuntu4 <none>
2016-04-20 22:03:30 status unpacked libsystemd0:i386 229-4ubuntu4
2016-04-20 22:03:30 status half-configured libsystemd0:i386 229-4ubuntu4
2016-04-20 22:03:30 status installed libsystemd0:i386 229-4ubuntu4
2016-04-20 22:03:30 configure libdevmapper1.02.1:i386 2:1.02.110-1ubuntu10 <none>
2016-04-20 22:03:30 status unpacked libdevmapper1.02.1:i386 2:1.02.110-1ubuntu10
2016-04-20 22:03:30 status half-configured libdevmapper1.02.1:i386 2:1.02.110-1ubuntu10
2016-04-20 22:03:30 status installed libdevmapper1.02.1:i386 2:1.02.110-1ubuntu10
2016-04-20 22:03:30 configure libsemanage1:i386 2.3-1build3 <none>
2016-04-20 22:03:30 status unpacked libsemanage1:i386 2.3-1build3
2016-04-20 22:03:30 status half-configured libsemanage1:i386 2.3-1build3
2016-04-20 22:03:30 status installed libsemanage1:i386 2.3-1build3
2016-04-20 22:03:30 configure libacl1:i386 2.2.52-3 <none>
2016-04-20 22:03:30 status unpacked libacl1:i386 2.2.52-3
2016-04-20 22:03:30 status half-configured libacl1:i386 2.2.52-3
2016-04-20 22:03:30 status installed libacl1:i386 2.2.52-3
2016-04-20 22:03:30 configure libprocps4:i386 2:3.3.10-4ubuntu2 <none>
2016-04-20 22:03:30 status unpacked libprocps4:i386 2:3.3.10-4ubuntu2
2016-04-20 22:03:30 status half-configured libprocps4:i386 2:3.3.10-4ubuntu2
2016-04-20 22:03:30 status installed libprocps4:i386 2:3.3.10-4ubuntu2
2016-04-20 22:03:30 configure bsdutils:i386 1:2.27.1-6ubuntu3 <none>
2016-04-20 22:03:30 status unpacked bsdutils:i386 1:2.27.1-6ubuntu3
2016-04-20 22:03:30 status half-configured bsdutils:i386 1:2.27.1-6ubuntu3
2016-04-20 22:03:30 status installed bsdutils:i386 1:2.27.1-6ubuntu3
2016-04-20 22:03:30 configure coreutils:i386 8.25-2ubuntu2 <none>
2016-04-20 22:03:30 status unpacked coreutils:i386 8.25-2ubuntu2
2016-04-20 22:03:30 status half-configured coreutils:i386 8.25-2ubuntu2
2016-04-20 22:03:30 status installed coreutils:i386 8.25-2ubuntu2
2016-04-20 22:03:30 configure tar:i386 1.28-2.1 <none>
2016-04-20 22:03:30 status unpacked tar:i386 1.28-2.1
2016-04-20 22:03:30 status unpacked tar:i386 1.28-2.1
2016-04-20 22:03:30 status half-configured tar:i386 1.28-2.1
2016-04-20 22:03:30 status installed tar:i386 1.28-2.1
2016-04-20 22:03:30 configure dpkg:i386 1.18.4ubuntu1 <none>
2016-04-20 22:03:30 status unpacked dpkg:i386 1.18.4ubuntu1
2016-04-20 22:03:30 status unpacked dpkg:i386 1.18.4ubuntu1
2016-04-20 22:03:30 status unpacked dpkg:i386 1.18.4ubuntu1
2016-04-20 22:03:30 status unpacked dpkg:i386 1.18.4ubuntu1
2016-04-20 22:03:30 status unpacked dpkg:i386 1.18.4ubuntu1
2016-04-20 22:03:30 status half-configured dpkg:i386 1.18.4ubuntu1
2016-04-20 22:03:30 status installed dpkg:i386 1.18.4ubuntu1
2016-04-20 22:03:30 configure sed:i386 4.2.2-7 <none>
2016-04-20 22:03:30 status unpacked sed:i386 4.2.2-7
2016-04-20 22:03:30 status half-configured sed:i386 4.2.2-7
2016-04-20 22:03:30 status installed sed:i386 4.2.2-7
2016-04-20 22:03:30 configure perl-base:i386 5.22.1-9 <none>
2016-04-20 22:03:30 status unpacked perl-base:i386 5.22.1-9
2016-04-20 22:03:30 status half-configured perl-base:i386 5.22.1-9
2016-04-20 22:03:30 status installed perl-base:i386 5.22.1-9
2016-04-20 22:03:30 configure grep:i386 2.24-1 <none>
2016-04-20 22:03:30 status unpacked grep:i386 2.24-1
2016-04-20 22:03:30 status half-configured grep:i386 2.24-1
2016-04-20 22:03:30 status installed grep:i386 2.24-1
2016-04-20 22:03:30 configure debconf:all 1.5.58ubuntu1 <none>
2016-04-20 22:03:30 status unpacked debconf:all 1.5.58ubuntu1
2016-04-20 22:03:30 status unpacked debconf:all 1.5.58ubuntu1
2016-04-20 22:03:30 status unpacked debconf:all 1.5.58ubuntu1
2016-04-20 22:03:30 status half-configured debconf:all 1.5.58ubuntu1
2016-04-20 22:03:30 status installed debconf:all 1.5.58ubuntu1
2016-04-20 22:03:30 configure tzdata:all 2016d-0ubuntu0.16.04 <none>
2016-04-20 22:03:30 status unpacked tzdata:all 2016d-0ubuntu0.16.04
2016-04-20 22:03:30 status half-configured tzdata:all 2016d-0ubuntu0.16.04
2016-04-20 22:03:30 status installed tzdata:all 2016d-0ubuntu0.16.04
2016-04-20 22:03:30 configure gzip:i386 1.6-4ubuntu1 <none>
2016-04-20 22:03:30 status unpacked gzip:i386 1.6-4ubuntu1
2016-04-20 22:03:30 status half-configured gzip:i386 1.6-4ubuntu1
2016-04-20 22:03:30 status installed gzip:i386 1.6-4ubuntu1
2016-04-20 22:03:30 configure dash:i386 0.5.8-2.1ubuntu2 <none>
2016-04-20 22:03:30 status unpacked dash:i386 0.5.8-2.1ubuntu2
2016-04-20 22:03:30 status half-configured dash:i386 0.5.8-2.1ubuntu2
2016-04-20 22:03:31 status installed dash:i386 0.5.8-2.1ubuntu2
2016-04-20 22:03:31 configure init-system-helpers:all 1.29ubuntu1 <none>
2016-04-20 22:03:31 status unpacked init-system-helpers:all 1.29ubuntu1
2016-04-20 22:03:31 status half-configured init-system-helpers:all 1.29ubuntu1
2016-04-20 22:03:31 status installed init-system-helpers:all 1.29ubuntu1
2016-04-20 22:03:31 configure sysvinit-utils:i386 2.88dsf-59.3ubuntu2 <none>
2016-04-20 22:03:31 status unpacked sysvinit-utils:i386 2.88dsf-59.3ubuntu2
2016-04-20 22:03:31 status half-configured sysvinit-utils:i386 2.88dsf-59.3ubuntu2
2016-04-20 22:03:31 status installed sysvinit-utils:i386 2.88dsf-59.3ubuntu2
2016-04-20 22:03:31 configure sysv-rc:all 2.88dsf-59.3ubuntu2 <none>
2016-04-20 22:03:31 status unpacked sysv-rc:all 2.88dsf-59.3ubuntu2
2016-04-20 22:03:31 status half-configured sysv-rc:all 2.88dsf-59.3ubuntu2
2016-04-20 22:03:31 status installed sysv-rc:all 2.88dsf-59.3ubuntu2
2016-04-20 22:03:31 configure libpam0g:i386 1.1.8-3.2ubuntu2 <none>
2016-04-20 22:03:31 status unpacked libpam0g:i386 1.1.8-3.2ubuntu2
2016-04-20 22:03:31 status half-configured libpam0g:i386 1.1.8-3.2ubuntu2
2016-04-20 22:03:31 status installed libpam0g:i386 1.1.8-3.2ubuntu2
2016-04-20 22:03:31 configure locales:all 2.23-0ubuntu3 <none>
2016-04-20 22:03:31 status unpacked locales:all 2.23-0ubuntu3
2016-04-20 22:03:31 status unpacked locales:all 2.23-0ubuntu3
2016-04-20 22:03:31 status half-configured locales:all 2.23-0ubuntu3
2016-04-20 22:03:31 status installed locales:all 2.23-0ubuntu3
2016-04-20 22:03:32 configure libpam-modules-bin:i386 1.1.8-3.2ubuntu2 <none>
2016-04-20 22:03:32 status unpacked libpam-modules-bin:i386 1.1.8-3.2ubuntu2
2016-04-20 22:03:32 status half-configured libpam-modules-bin:i386 1.1.8-3.2ubuntu2
2016-04-20 22:03:32 status installed libpam-modules-bin:i386 1.1.8-3.2ubuntu2
2016-04-20 22:03:32 configure bash:i386 4.3-14ubuntu1 <none>
2016-04-20 22:03:32 status unpacked bash:i386 4.3-14ubuntu1
2016-04-20 22:03:32 status unpacked bash:i386 4.3-14ubuntu1
2016-04-20 22:03:32 status unpacked bash:i386 4.3-14ubuntu1
2016-04-20 22:03:32 status unpacked bash:i386 4.3-14ubuntu1
2016-04-20 22:03:32 status unpacked bash:i386 4.3-14ubuntu1
2016-04-20 22:03:32 status half-configured bash:i386 4.3-14ubuntu1
2016-04-20 22:03:32 status installed bash:i386 4.3-14ubuntu1
2016-04-20 22:03:32 configure libpam-modules:i386 1.1.8-3.2ubuntu2 <none>
2016-04-20 22:03:32 status unpacked libpam-modules:i386 1.1.8-3.2ubuntu2
2016-04-20 22:03:32 status unpacked libpam-modules:i386 1.1.8-3.2ubuntu2
2016-04-20 22:03:32 status unpacked libpam-modules:i386 1.1.8-3.2ubuntu2
2016-04-20 22:03:32 status unpacked libpam-modules:i386 1.1.8-3.2ubuntu2
2016-04-20 22:03:32 status unpacked libpam-modules:i386 1.1.8-3.2ubuntu2
2016-04-20 22:03:32 status unpacked libpam-modules:i386 1.1.8-3.2ubuntu2
2016-04-20 22:03:32 status unpacked libpam-modules:i386 1.1.8-3.2ubuntu2
2016-04-20 22:03:32 status unpacked libpam-modules:i386 1.1.8-3.2ubuntu2
2016-04-20 22:03:32 status unpacked libpam-modules:i386 1.1.8-3.2ubuntu2
2016-04-20 22:03:32 status half-configured libpam-modules:i386 1.1.8-3.2ubuntu2
2016-04-20 22:03:32 status installed libpam-modules:i386 1.1.8-3.2ubuntu2
2016-04-20 22:03:32 configure libpam-runtime:all 1.1.8-3.2ubuntu2 <none>
2016-04-20 22:03:32 status unpacked libpam-runtime:all 1.1.8-3.2ubuntu2
2016-04-20 22:03:32 status unpacked libpam-runtime:all 1.1.8-3.2ubuntu2
2016-04-20 22:03:32 status unpacked libpam-runtime:all 1.1.8-3.2ubuntu2
2016-04-20 22:03:32 status half-configured libpam-runtime:all 1.1.8-3.2ubuntu2
2016-04-20 22:03:32 status installed libpam-runtime:all 1.1.8-3.2ubuntu2
2016-04-20 22:03:32 configure passwd:i386 1:4.2-3.1ubuntu5 <none>
2016-04-20 22:03:32 status unpacked passwd:i386 1:4.2-3.1ubuntu5
2016-04-20 22:03:32 status unpacked passwd:i386 1:4.2-3.1ubuntu5
2016-04-20 22:03:32 status unpacked passwd:i386 1:4.2-3.1ubuntu5
2016-04-20 22:03:32 status unpacked passwd:i386 1:4.2-3.1ubuntu5
2016-04-20 22:03:32 status unpacked passwd:i386 1:4.2-3.1ubuntu5
2016-04-20 22:03:32 status unpacked passwd:i386 1:4.2-3.1ubuntu5
2016-04-20 22:03:32 status unpacked passwd:i386 1:4.2-3.1ubuntu5
2016-04-20 22:03:32 status unpacked passwd:i386 1:4.2-3.1ubuntu5
2016-04-20 22:03:32 status unpacked passwd:i386 1:4.2-3.1ubuntu5
2016-04-20 22:03:32 status half-configured passwd:i386 1:4.2-3.1ubuntu5
2016-04-20 22:03:32 status installed passwd:i386 1:4.2-3.1ubuntu5
2016-04-20 22:03:32 configure login:i386 1:4.2-3.1ubuntu5 <none>
2016-04-20 22:03:32 status unpacked login:i386 1:4.2-3.1ubuntu5
2016-04-20 22:03:32 status unpacked login:i386 1:4.2-3.1ubuntu5
2016-04-20 22:03:32 status unpacked login:i386 1:4.2-3.1ubuntu5
2016-04-20 22:03:32 status unpacked login:i386 1:4.2-3.1ubuntu5
2016-04-20 22:03:32 status unpacked login:i386 1:4.2-3.1ubuntu5
2016-04-20 22:03:32 status half-configured login:i386 1:4.2-3.1ubuntu5
2016-04-20 22:03:32 status installed login:i386 1:4.2-3.1ubuntu5
2016-04-20 22:03:32 configure adduser:all 3.113+nmu3ubuntu4 <none>
2016-04-20 22:03:32 status unpacked adduser:all 3.113+nmu3ubuntu4
2016-04-20 22:03:32 status unpacked adduser:all 3.113+nmu3ubuntu4
2016-04-20 22:03:32 status half-configured adduser:all 3.113+nmu3ubuntu4
2016-04-20 22:03:32 status installed adduser:all 3.113+nmu3ubuntu4
2016-04-20 22:03:32 configure libuuid1:i386 2.27.1-6ubuntu3 <none>
2016-04-20 22:03:32 status unpacked libuuid1:i386 2.27.1-6ubuntu3
2016-04-20 22:03:32 status half-configured libuuid1:i386 2.27.1-6ubuntu3
2016-04-20 22:03:32 status installed libuuid1:i386 2.27.1-6ubuntu3
2016-04-20 22:03:32 configure libblkid1:i386 2.27.1-6ubuntu3 <none>
2016-04-20 22:03:32 status unpacked libblkid1:i386 2.27.1-6ubuntu3
2016-04-20 22:03:32 status half-configured libblkid1:i386 2.27.1-6ubuntu3
2016-04-20 22:03:32 status installed libblkid1:i386 2.27.1-6ubuntu3
2016-04-20 22:03:32 configure libmount1:i386 2.27.1-6ubuntu3 <none>
2016-04-20 22:03:32 status unpacked libmount1:i386 2.27.1-6ubuntu3
2016-04-20 22:03:32 status half-configured libmount1:i386 2.27.1-6ubuntu3
2016-04-20 22:03:32 status installed libmount1:i386 2.27.1-6ubuntu3
2016-04-20 22:03:32 configure libcryptsetup4:i386 2:1.6.6-5ubuntu2 <none>
2016-04-20 22:03:32 status unpacked libcryptsetup4:i386 2:1.6.6-5ubuntu2
2016-04-20 22:03:32 status half-configured libcryptsetup4:i386 2:1.6.6-5ubuntu2
2016-04-20 22:03:32 status installed libcryptsetup4:i386 2:1.6.6-5ubuntu2
2016-04-20 22:03:32 configure mount:i386 2.27.1-6ubuntu3 <none>
2016-04-20 22:03:32 status unpacked mount:i386 2.27.1-6ubuntu3
2016-04-20 22:03:32 status half-configured mount:i386 2.27.1-6ubuntu3
2016-04-20 22:03:32 status installed mount:i386 2.27.1-6ubuntu3
2016-04-20 22:03:32 configure libfdisk1:i386 2.27.1-6ubuntu3 <none>
2016-04-20 22:03:32 status unpacked libfdisk1:i386 2.27.1-6ubuntu3
2016-04-20 22:03:32 status half-configured libfdisk1:i386 2.27.1-6ubuntu3
2016-04-20 22:03:32 status installed libfdisk1:i386 2.27.1-6ubuntu3
2016-04-20 22:03:32 configure initscripts:i386 2.88dsf-59.3ubuntu2 <none>
2016-04-20 22:03:32 status unpacked initscripts:i386 2.88dsf-59.3ubuntu2
2016-04-20 22:03:32 status unpacked initscripts:i386 2.88dsf-59.3ubuntu2
2016-04-20 22:03:32 status unpacked initscripts:i386 2.88dsf-59.3ubuntu2
2016-04-20 22:03:32 status unpacked initscripts:i386 2.88dsf-59.3ubuntu2
2016-04-20 22:03:32 status unpacked initscripts:i386 2.88dsf-59.3ubuntu2
2016-04-20 22:03:32 status unpacked initscripts:i386 2.88dsf-59.3ubuntu2
2016-04-20 22:03:32 status unpacked initscripts:i386 2.88dsf-59.3ubuntu2
2016-04-20 22:03:32 status unpacked initscripts:i386 2.88dsf-59.3ubuntu2
2016-04-20 22:03:32 status unpacked initscripts:i386 2.88dsf-59.3ubuntu2
2016-04-20 22:03:32 status unpacked initscripts:i386 2.88dsf-59.3ubuntu2
2016-04-20 22:03:32 status unpacked initscripts:i386 2.88dsf-59.3ubuntu2
2016-04-20 22:03:32 status unpacked initscripts:i386 2.88dsf-59.3ubuntu2
2016-04-20 22:03:32 status unpacked initscripts:i386 2.88dsf-59.3ubuntu2
2016-04-20 22:03:32 status unpacked initscripts:i386 2.88dsf-59.3ubuntu2
2016-04-20 22:03:32 status unpacked initscripts:i386 2.88dsf-59.3ubuntu2
2016-04-20 22:03:32 status unpacked initscripts:i386 2.88dsf-59.3ubuntu2
2016-04-20 22:03:32 status unpacked initscripts:i386 2.88dsf-59.3ubuntu2
2016-04-20 22:03:32 status unpacked initscripts:i386 2.88dsf-59.3ubuntu2
2016-04-20 22:03:32 status unpacked initscripts:i386 2.88dsf-59.3ubuntu2
2016-04-20 22:03:32 status unpacked initscripts:i386 2.88dsf-59.3ubuntu2
2016-04-20 22:03:32 status unpacked initscripts:i386 2.88dsf-59.3ubuntu2
2016-04-20 22:03:32 status unpacked initscripts:i386 2.88dsf-59.3ubuntu2
2016-04-20 22:03:32 status unpacked initscripts:i386 2.88dsf-59.3ubuntu2
2016-04-20 22:03:32 status unpacked initscripts:i386 2.88dsf-59.3ubuntu2
2016-04-20 22:03:32 status unpacked initscripts:i386 2.88dsf-59.3ubuntu2
2016-04-20 22:03:32 status unpacked initscripts:i386 2.88dsf-59.3ubuntu2
2016-04-20 22:03:32 status half-configured initscripts:i386 2.88dsf-59.3ubuntu2
2016-04-20 22:03:32 status installed initscripts:i386 2.88dsf-59.3ubuntu2
2016-04-20 22:03:32 configure util-linux:i386 2.27.1-6ubuntu3 <none>
2016-04-20 22:03:32 status unpacked util-linux:i386 2.27.1-6ubuntu3
2016-04-20 22:03:32 status unpacked util-linux:i386 2.27.1-6ubuntu3
2016-04-20 22:03:32 status unpacked util-linux:i386 2.27.1-6ubuntu3
2016-04-20 22:03:32 status unpacked util-linux:i386 2.27.1-6ubuntu3
2016-04-20 22:03:32 status unpacked util-linux:i386 2.27.1-6ubuntu3
2016-04-20 22:03:32 status unpacked util-linux:i386 2.27.1-6ubuntu3
2016-04-20 22:03:32 status unpacked util-linux:i386 2.27.1-6ubuntu3
2016-04-20 22:03:32 status unpacked util-linux:i386 2.27.1-6ubuntu3
2016-04-20 22:03:32 status half-configured util-linux:i386 2.27.1-6ubuntu3
2016-04-20 22:03:32 status installed util-linux:i386 2.27.1-6ubuntu3
2016-04-20 22:03:32 configure e2fsprogs:i386 1.42.13-1ubuntu1 <none>
2016-04-20 22:03:32 status unpacked e2fsprogs:i386 1.42.13-1ubuntu1
2016-04-20 22:03:32 status unpacked e2fsprogs:i386 1.42.13-1ubuntu1
2016-04-20 22:03:32 status half-configured e2fsprogs:i386 1.42.13-1ubuntu1
2016-04-20 22:03:32 status installed e2fsprogs:i386 1.42.13-1ubuntu1
2016-04-20 22:03:32 configure procps:i386 2:3.3.10-4ubuntu2 <none>
2016-04-20 22:03:32 status unpacked procps:i386 2:3.3.10-4ubuntu2
2016-04-20 22:03:32 status unpacked procps:i386 2:3.3.10-4ubuntu2
2016-04-20 22:03:32 status unpacked procps:i386 2:3.3.10-4ubuntu2
2016-04-20 22:03:32 status unpacked procps:i386 2:3.3.10-4ubuntu2
2016-04-20 22:03:32 status unpacked procps:i386 2:3.3.10-4ubuntu2
2016-04-20 22:03:32 status unpacked procps:i386 2:3.3.10-4ubuntu2
2016-04-20 22:03:32 status unpacked procps:i386 2:3.3.10-4ubuntu2
2016-04-20 22:03:32 status unpacked procps:i386 2:3.3.10-4ubuntu2
2016-04-20 22:03:32 status unpacked procps:i386 2:3.3.10-4ubuntu2
2016-04-20 22:03:32 status unpacked procps:i386 2:3.3.10-4ubuntu2
2016-04-20 22:03:33 status unpacked procps:i386 2:3.3.10-4ubuntu2
2016-04-20 22:03:33 status unpacked procps:i386 2:3.3.10-4ubuntu2
2016-04-20 22:03:33 status unpacked procps:i386 2:3.3.10-4ubuntu2
2016-04-20 22:03:33 status unpacked procps:i386 2:3.3.10-4ubuntu2
2016-04-20 22:03:33 status half-configured procps:i386 2:3.3.10-4ubuntu2
2016-04-20 22:03:33 status installed procps:i386 2:3.3.10-4ubuntu2
2016-04-20 22:03:33 configure systemd:i386 229-4ubuntu4 <none>
2016-04-20 22:03:33 status unpacked systemd:i386 229-4ubuntu4
2016-04-20 22:03:33 status unpacked systemd:i386 229-4ubuntu4
2016-04-20 22:03:33 status unpacked systemd:i386 229-4ubuntu4
2016-04-20 22:03:33 status unpacked systemd:i386 229-4ubuntu4
2016-04-20 22:03:33 status unpacked systemd:i386 229-4ubuntu4
2016-04-20 22:03:33 status unpacked systemd:i386 229-4ubuntu4
2016-04-20 22:03:33 status unpacked systemd:i386 229-4ubuntu4
2016-04-20 22:03:33 status unpacked systemd:i386 229-4ubuntu4
2016-04-20 22:03:33 status unpacked systemd:i386 229-4ubuntu4
2016-04-20 22:03:33 status unpacked systemd:i386 229-4ubuntu4
2016-04-20 22:03:33 status unpacked systemd:i386 229-4ubuntu4
2016-04-20 22:03:33 status unpacked systemd:i386 229-4ubuntu4
2016-04-20 22:03:33 status unpacked systemd:i386 229-4ubuntu4
2016-04-20 22:03:33 status unpacked systemd:i386 229-4ubuntu4
2016-04-20 22:03:33 status unpacked systemd:i386 229-4ubuntu4
2016-04-20 22:03:33 status unpacked systemd:i386 229-4ubuntu4
2016-04-20 22:03:33 status half-configured systemd:i386 229-4ubuntu4
2016-04-20 22:03:33 status installed systemd:i386 229-4ubuntu4
2016-04-20 22:03:33 configure systemd-sysv:i386 229-4ubuntu4 <none>
2016-04-20 22:03:33 status unpacked systemd-sysv:i386 229-4ubuntu4
2016-04-20 22:03:33 status half-configured systemd-sysv:i386 229-4ubuntu4
2016-04-20 22:03:33 status installed systemd-sysv:i386 229-4ubuntu4
2016-04-20 22:03:33 configure init:i386 1.29ubuntu1 <none>
2016-04-20 22:03:33 status unpacked init:i386 1.29ubuntu1
2016-04-20 22:03:33 status half-configured init:i386 1.29ubuntu1
2016-04-20 22:03:33 status installed init:i386 1.29ubuntu1
2016-04-20 22:03:33 trigproc libc-bin:i386 2.23-0ubuntu3 <none>
2016-04-20 22:03:33 status half-configured libc-bin:i386 2.23-0ubuntu3
2016-04-20 22:03:33 status installed libc-bin:i386 2.23-0ubuntu3
2016-04-20 22:03:33 startup archives unpack
2016-04-20 22:03:33 install apt:i386 <none> 1.2.10ubuntu1
2016-04-20 22:03:33 status triggers-pending libc-bin:i386 2.23-0ubuntu3
2016-04-20 22:03:33 status half-installed apt:i386 1.2.10ubuntu1
2016-04-20 22:03:33 status unpacked apt:i386 1.2.10ubuntu1
2016-04-20 22:03:33 status unpacked apt:i386 1.2.10ubuntu1
2016-04-20 22:03:33 install gcc-5-base:i386 <none> 5.3.1-14ubuntu2
2016-04-20 22:03:33 status half-installed gcc-5-base:i386 5.3.1-14ubuntu2
2016-04-20 22:03:33 status unpacked gcc-5-base:i386 5.3.1-14ubuntu2
2016-04-20 22:03:33 status unpacked gcc-5-base:i386 5.3.1-14ubuntu2
2016-04-20 22:03:34 install gnupg:i386 <none> 1.4.20-1ubuntu3
2016-04-20 22:03:34 status half-installed gnupg:i386 1.4.20-1ubuntu3
2016-04-20 22:03:34 status unpacked gnupg:i386 1.4.20-1ubuntu3
2016-04-20 22:03:34 status unpacked gnupg:i386 1.4.20-1ubuntu3
2016-04-20 22:03:34 install gpgv:i386 <none> 1.4.20-1ubuntu3
2016-04-20 22:03:34 status half-installed gpgv:i386 1.4.20-1ubuntu3
2016-04-20 22:03:34 status unpacked gpgv:i386 1.4.20-1ubuntu3
2016-04-20 22:03:34 status unpacked gpgv:i386 1.4.20-1ubuntu3
2016-04-20 22:03:34 install libapt-pkg5.0:i386 <none> 1.2.10ubuntu1
2016-04-20 22:03:34 status half-installed libapt-pkg5.0:i386 1.2.10ubuntu1
2016-04-20 22:03:34 status unpacked libapt-pkg5.0:i386 1.2.10ubuntu1
2016-04-20 22:03:34 status unpacked libapt-pkg5.0:i386 1.2.10ubuntu1
2016-04-20 22:03:34 install liblz4-1:i386 <none> 0.0~r131-2ubuntu2
2016-04-20 22:03:34 status half-installed liblz4-1:i386 0.0~r131-2ubuntu2
2016-04-20 22:03:34 status unpacked liblz4-1:i386 0.0~r131-2ubuntu2
2016-04-20 22:03:34 status unpacked liblz4-1:i386 0.0~r131-2ubuntu2
2016-04-20 22:03:34 install libreadline6:i386 <none> 6.3-8ubuntu2
2016-04-20 22:03:34 status half-installed libreadline6:i386 6.3-8ubuntu2
2016-04-20 22:03:34 status unpacked libreadline6:i386 6.3-8ubuntu2
2016-04-20 22:03:34 status unpacked libreadline6:i386 6.3-8ubuntu2
2016-04-20 22:03:34 install libstdc++6:i386 <none> 5.3.1-14ubuntu2
2016-04-20 22:03:34 status half-installed libstdc++6:i386 5.3.1-14ubuntu2
2016-04-20 22:03:34 status unpacked libstdc++6:i386 5.3.1-14ubuntu2
2016-04-20 22:03:34 status unpacked libstdc++6:i386 5.3.1-14ubuntu2
2016-04-20 22:03:34 install libusb-0.1-4:i386 <none> 2:0.1.12-28
2016-04-20 22:03:34 status half-installed libusb-0.1-4:i386 2:0.1.12-28
2016-04-20 22:03:34 status unpacked libusb-0.1-4:i386 2:0.1.12-28
2016-04-20 22:03:34 status unpacked libusb-0.1-4:i386 2:0.1.12-28
2016-04-20 22:03:34 install readline-common:all <none> 6.3-8ubuntu2
2016-04-20 22:03:34 status half-installed readline-common:all 6.3-8ubuntu2
2016-04-20 22:03:34 status unpacked readline-common:all 6.3-8ubuntu2
2016-04-20 22:03:34 status unpacked readline-common:all 6.3-8ubuntu2
2016-04-20 22:03:34 install ubuntu-keyring:all <none> 2012.05.19
2016-04-20 22:03:34 status half-installed ubuntu-keyring:all 2012.05.19
2016-04-20 22:03:34 status unpacked ubuntu-keyring:all 2012.05.19
2016-04-20 22:03:34 status unpacked ubuntu-keyring:all 2012.05.19
2016-04-20 22:03:34 trigproc libc-bin:i386 2.23-0ubuntu3 <none>
2016-04-20 22:03:34 status half-configured libc-bin:i386 2.23-0ubuntu3
2016-04-20 22:03:34 status installed libc-bin:i386 2.23-0ubuntu3
2016-04-20 22:03:34 startup packages configure
2016-04-20 22:03:34 configure readline-common:all 6.3-8ubuntu2 <none>
2016-04-20 22:03:34 status unpacked readline-common:all 6.3-8ubuntu2
2016-04-20 22:03:34 status half-configured readline-common:all 6.3-8ubuntu2
2016-04-20 22:03:34 status installed readline-common:all 6.3-8ubuntu2
2016-04-20 22:03:34 configure liblz4-1:i386 0.0~r131-2ubuntu2 <none>
2016-04-20 22:03:34 status triggers-pending libc-bin:i386 2.23-0ubuntu3
2016-04-20 22:03:34 status unpacked liblz4-1:i386 0.0~r131-2ubuntu2
2016-04-20 22:03:34 status half-configured liblz4-1:i386 0.0~r131-2ubuntu2
2016-04-20 22:03:34 status installed liblz4-1:i386 0.0~r131-2ubuntu2
2016-04-20 22:03:34 configure gpgv:i386 1.4.20-1ubuntu3 <none>
2016-04-20 22:03:34 status unpacked gpgv:i386 1.4.20-1ubuntu3
2016-04-20 22:03:34 status half-configured gpgv:i386 1.4.20-1ubuntu3
2016-04-20 22:03:34 status installed gpgv:i386 1.4.20-1ubuntu3
2016-04-20 22:03:34 configure libusb-0.1-4:i386 2:0.1.12-28 <none>
2016-04-20 22:03:34 status unpacked libusb-0.1-4:i386 2:0.1.12-28
2016-04-20 22:03:34 status half-configured libusb-0.1-4:i386 2:0.1.12-28
2016-04-20 22:03:34 status installed libusb-0.1-4:i386 2:0.1.12-28
2016-04-20 22:03:34 configure ubuntu-keyring:all 2012.05.19 <none>
2016-04-20 22:03:34 status unpacked ubuntu-keyring:all 2012.05.19
2016-04-20 22:03:34 status half-configured ubuntu-keyring:all 2012.05.19
2016-04-20 22:03:34 status installed ubuntu-keyring:all 2012.05.19
2016-04-20 22:03:34 configure libreadline6:i386 6.3-8ubuntu2 <none>
2016-04-20 22:03:34 status unpacked libreadline6:i386 6.3-8ubuntu2
2016-04-20 22:03:34 status half-configured libreadline6:i386 6.3-8ubuntu2
2016-04-20 22:03:34 status installed libreadline6:i386 6.3-8ubuntu2
2016-04-20 22:03:34 configure gcc-5-base:i386 5.3.1-14ubuntu2 <none>
2016-04-20 22:03:34 status unpacked gcc-5-base:i386 5.3.1-14ubuntu2
2016-04-20 22:03:34 status half-configured gcc-5-base:i386 5.3.1-14ubuntu2
2016-04-20 22:03:34 status installed gcc-5-base:i386 5.3.1-14ubuntu2
2016-04-20 22:03:34 configure gnupg:i386 1.4.20-1ubuntu3 <none>
2016-04-20 22:03:34 status unpacked gnupg:i386 1.4.20-1ubuntu3
2016-04-20 22:03:34 status half-configured gnupg:i386 1.4.20-1ubuntu3
2016-04-20 22:03:34 status installed gnupg:i386 1.4.20-1ubuntu3
2016-04-20 22:03:34 configure libstdc++6:i386 5.3.1-14ubuntu2 <none>
2016-04-20 22:03:34 status unpacked libstdc++6:i386 5.3.1-14ubuntu2
2016-04-20 22:03:34 status half-configured libstdc++6:i386 5.3.1-14ubuntu2
2016-04-20 22:03:34 status installed libstdc++6:i386 5.3.1-14ubuntu2
2016-04-20 22:03:34 configure libapt-pkg5.0:i386 1.2.10ubuntu1 <none>
2016-04-20 22:03:34 status unpacked libapt-pkg5.0:i386 1.2.10ubuntu1
2016-04-20 22:03:34 status half-configured libapt-pkg5.0:i386 1.2.10ubuntu1
2016-04-20 22:03:34 status installed libapt-pkg5.0:i386 1.2.10ubuntu1
2016-04-20 22:03:34 configure apt:i386 1.2.10ubuntu1 <none>
2016-04-20 22:03:34 status unpacked apt:i386 1.2.10ubuntu1
2016-04-20 22:03:34 status unpacked apt:i386 1.2.10ubuntu1
2016-04-20 22:03:34 status unpacked apt:i386 1.2.10ubuntu1
2016-04-20 22:03:34 status unpacked apt:i386 1.2.10ubuntu1
2016-04-20 22:03:34 status unpacked apt:i386 1.2.10ubuntu1
2016-04-20 22:03:34 status unpacked apt:i386 1.2.10ubuntu1
2016-04-20 22:03:34 status half-configured apt:i386 1.2.10ubuntu1
2016-04-20 22:03:35 status installed apt:i386 1.2.10ubuntu1
2016-04-20 22:03:35 trigproc libc-bin:i386 2.23-0ubuntu3 <none>
2016-04-20 22:03:35 status half-configured libc-bin:i386 2.23-0ubuntu3
2016-04-20 22:03:35 status installed libc-bin:i386 2.23-0ubuntu3
